ORARIO DI INIZIO: 13:57:44

--- LOG IPERF CHIUSO (car14) ---
------------------------------------------------------------
Client connecting to 10.0.0.201, TCP port 5001
TCP window size: 85.3 KByte (default)
------------------------------------------------------------
[  1] local 10.0.0.14 port 51292 connected with 10.0.0.201 port 5001 (icwnd/mss/irtt=1/1448/2151000)
[ ID] Interval       Transfer     Bandwidth
[  1] 0.0000-2.0000 sec  84.9 KBytes   348 Kbits/sec
[  1] 2.0000-4.0000 sec  0.000 Bytes  0.000 bits/sec
[  1] 4.0000-6.0000 sec  0.000 Bytes  0.000 bits/sec
[  1] 6.0000-8.0000 sec  0.000 Bytes  0.000 bits/sec
[  1] 8.0000-10.0000 sec  0.000 Bytes  0.000 bits/sec
[  1] 10.0000-12.0000 sec   768 KBytes  3.15 Mbits/sec
[  1] 12.0000-14.0000 sec  1.50 MBytes  6.29 Mbits/sec
[  1] 14.0000-16.0000 sec  1.38 MBytes  5.77 Mbits/sec
[  1] 16.0000-18.0000 sec  1.50 MBytes  6.29 Mbits/sec
[  1] 18.0000-20.0000 sec  1.38 MBytes  5.77 Mbits/sec
[  1] 20.0000-22.0000 sec  1.25 MBytes  5.24 Mbits/sec
[  1] 22.0000-24.0000 sec  1.25 MBytes  5.24 Mbits/sec
[  1] 24.0000-26.0000 sec  1.25 MBytes  5.24 Mbits/sec
[  1] 26.0000-28.0000 sec  1.25 MBytes  5.24 Mbits/sec

ORARIO DI FINE: 13:58:18
