ORARIO DI INIZIO: 13:56:14

--- LOG IPERF CHIUSO (car12) ---
------------------------------------------------------------
Client connecting to 10.0.0.210, TCP port 5001
TCP window size: 85.3 KByte (default)
------------------------------------------------------------
[  1] local 10.0.0.12 port 46050 connected with 10.0.0.210 port 5001 (icwnd/mss/irtt=14/1448/1367)
[ ID] Interval       Transfer     Bandwidth
[  1] 0.0000-2.0000 sec  1.63 MBytes  6.82 Mbits/sec
[  1] 2.0000-4.0000 sec  1.25 MBytes  5.24 Mbits/sec
[  1] 4.0000-6.0000 sec  1.38 MBytes  5.77 Mbits/sec
[  1] 6.0000-8.0000 sec  1.12 MBytes  4.72 Mbits/sec
[  1] 8.0000-10.0000 sec  1.12 MBytes  4.72 Mbits/sec
[  1] 10.0000-12.0000 sec  1.00 MBytes  4.19 Mbits/sec
[  1] 12.0000-14.0000 sec  1.12 MBytes  4.72 Mbits/sec
[  1] 14.0000-16.0000 sec  1.12 MBytes  4.72 Mbits/sec
[  1] 16.0000-18.0000 sec  1.38 MBytes  5.77 Mbits/sec
[  1] 18.0000-20.0000 sec  1.12 MBytes  4.72 Mbits/sec
[  1] 20.0000-22.0000 sec  1.12 MBytes  4.72 Mbits/sec
[  1] 22.0000-24.0000 sec  1.25 MBytes  5.24 Mbits/sec
[  1] 24.0000-26.0000 sec  1.25 MBytes  5.24 Mbits/sec
[  1] 26.0000-28.0000 sec  1.00 MBytes  4.19 Mbits/sec
[  1] 28.0000-30.0000 sec  1.00 MBytes  4.19 Mbits/sec

ORARIO DI FINE: 13:58:18
