ORARIO DI INIZIO: 13:52:17
------------------------------------------------------------
Client connecting to 10.0.0.202, TCP port 5001
TCP window size: 85.3 KByte (default)
------------------------------------------------------------
[  1] local 10.0.0.14 port 44020 connected with 10.0.0.202 port 5001 (icwnd/mss/irtt=1/1448/3184000)
[ ID] Interval       Transfer     Bandwidth
[  1] 0.0000-2.0000 sec  84.9 KBytes   348 Kbits/sec
[  1] 2.0000-4.0000 sec  2.83 KBytes  11.6 Kbits/sec
[  1] 4.0000-6.0000 sec   128 KBytes   524 Kbits/sec
[  1] 6.0000-8.0000 sec   358 KBytes  1.47 Mbits/sec
[  1] 8.0000-10.0000 sec  1.25 MBytes  5.24 Mbits/sec
[  1] 10.0000-12.0000 sec  1.12 MBytes  4.72 Mbits/sec
[  1] 12.0000-14.0000 sec  1.38 MBytes  5.77 Mbits/sec
[  1] 14.0000-16.0000 sec   512 KBytes  2.10 Mbits/sec
[  1] 16.0000-18.0000 sec   229 KBytes   937 Kbits/sec
[  1] 18.0000-20.0000 sec   191 KBytes   782 Kbits/sec
[  1] 20.0000-22.0000 sec   318 KBytes  1.30 Mbits/sec
[  1] 22.0000-24.0000 sec   255 KBytes  1.04 Mbits/sec
[  1] 24.0000-26.0000 sec   255 KBytes  1.05 Mbits/sec
[  1] 26.0000-28.0000 sec   190 KBytes   779 Kbits/sec
ORARIO DI FINE: 13:52:51

ORARIO DI INIZIO: 13:53:24
------------------------------------------------------------
Client connecting to 10.0.0.202, TCP port 5001
TCP window size: 85.3 KByte (default)
------------------------------------------------------------
ORARIO DI FINE: 13:53:29

