ORARIO DI INIZIO: 13:55:24
------------------------------------------------------------
Client connecting to 10.0.0.203, TCP port 5001
TCP window size: 85.3 KByte (default)
------------------------------------------------------------
[  1] local 10.0.0.12 port 35298 connected with 10.0.0.203 port 5001 (icwnd/mss/irtt=14/1448/1882)
[ ID] Interval       Transfer     Bandwidth
[  1] 0.0000-2.0000 sec   178 KBytes   730 Kbits/sec
[  1] 2.0000-4.0000 sec   483 KBytes  1.98 Mbits/sec
[  1] 4.0000-6.0000 sec  1.12 MBytes  4.72 Mbits/sec
[  1] 6.0000-8.0000 sec   896 KBytes  3.67 Mbits/sec
[  1] 8.0000-10.0000 sec   896 KBytes  3.67 Mbits/sec
[  1] 10.0000-12.0000 sec  1.00 MBytes  4.19 Mbits/sec
[  1] 12.0000-14.0000 sec   896 KBytes  3.67 Mbits/sec
[  1] 14.0000-16.0000 sec   896 KBytes  3.67 Mbits/sec
[  1] 16.0000-18.0000 sec   896 KBytes  3.67 Mbits/sec
[  1] 18.0000-20.0000 sec   896 KBytes  3.67 Mbits/sec
[  1] 20.0000-22.0000 sec   896 KBytes  3.67 Mbits/sec
[  1] 22.0000-24.0000 sec  1.00 MBytes  4.19 Mbits/sec
[  1] 24.0000-26.0000 sec  1.00 MBytes  4.19 Mbits/sec
[  1] 26.0000-28.0000 sec   768 KBytes  3.15 Mbits/sec
[  1] 28.0000-30.0000 sec   896 KBytes  3.67 Mbits/sec
[  1] 30.0000-32.0000 sec   896 KBytes  3.67 Mbits/sec
[  1] 32.0000-34.0000 sec   768 KBytes  3.15 Mbits/sec
ORARIO DI FINE: 13:56:00

