ORARIO DI INIZIO: 13:52:04
------------------------------------------------------------
Client connecting to 10.0.0.201, TCP port 5001
TCP window size: 85.3 KByte (default)
------------------------------------------------------------
[  1] local 10.0.0.9 port 54156 connected with 10.0.0.201 port 5001 (icwnd/mss/irtt=14/1448/1106000)
[ ID] Interval       Transfer     Bandwidth
[  1] 0.0000-2.0000 sec  1.75 MBytes  7.34 Mbits/sec
[  1] 2.0000-4.0000 sec  1.25 MBytes  5.24 Mbits/sec
[  1] 4.0000-6.0000 sec  1.50 MBytes  6.29 Mbits/sec
[  1] 6.0000-8.0000 sec  1.50 MBytes  6.29 Mbits/sec
[  1] 8.0000-10.0000 sec  1.25 MBytes  5.24 Mbits/sec
[  1] 10.0000-12.0000 sec  1.50 MBytes  6.29 Mbits/sec
[  1] 12.0000-14.0000 sec  1.25 MBytes  5.24 Mbits/sec
[  1] 14.0000-16.0000 sec  1.25 MBytes  5.24 Mbits/sec
[  1] 16.0000-18.0000 sec  1.25 MBytes  5.24 Mbits/sec
[  1] 18.0000-20.0000 sec  1.25 MBytes  5.24 Mbits/sec
[  1] 20.0000-22.0000 sec  1.25 MBytes  5.24 Mbits/sec
[  1] 22.0000-24.0000 sec  1.25 MBytes  5.24 Mbits/sec
[  1] 24.0000-26.0000 sec  1.25 MBytes  5.24 Mbits/sec
[  1] 26.0000-28.0000 sec  1.25 MBytes  5.24 Mbits/sec
[  1] 28.0000-30.0000 sec  1.25 MBytes  5.24 Mbits/sec
[  1] 30.0000-32.0000 sec  1.25 MBytes  5.24 Mbits/sec
[  1] 32.0000-34.0000 sec  1.25 MBytes  5.24 Mbits/sec
[  1] 34.0000-36.0000 sec  1.50 MBytes  6.29 Mbits/sec
[  1] 36.0000-38.0000 sec  1.25 MBytes  5.24 Mbits/sec
[  1] 38.0000-40.0000 sec  1.12 MBytes  4.72 Mbits/sec
[  1] 40.0000-42.0000 sec  1.00 MBytes  4.19 Mbits/sec
[  1] 42.0000-44.0000 sec  1.50 MBytes  6.29 Mbits/sec
[  1] 44.0000-46.0000 sec  1.00 MBytes  4.19 Mbits/sec
[  1] 46.0000-48.0000 sec  1.25 MBytes  5.24 Mbits/sec
[  1] 48.0000-50.0000 sec  1.25 MBytes  5.24 Mbits/sec
[  1] 50.0000-52.0000 sec  1.25 MBytes  5.24 Mbits/sec
[  1] 52.0000-54.0000 sec  1.25 MBytes  5.24 Mbits/sec
ORARIO DI FINE: 13:53:01

